<?xml version="1.0" encoding="UTF-8"?>
<!-- Generated by org.testng.reporters.JUnitReportReporter -->
<testsuite hostname="LAPTOP-HL9EOCAP" failures="0" tests="1" name="com.zoho.generic.generic_TestData" time="0.018" errors="0" timestamp="2023-12-09T21:16:39 IST" skipped="0">
  <testcase classname="com.zoho.generic.generic_TestData" name="getpropertydata" time="0.018"/>
  <system-out/>
</testsuite> <!-- com.zoho.generic.generic_TestData -->
